<?xml version="1.0" encoding="UTF-8"?>
<!-- Generated by org.testng.reporters.JUnitReportReporter -->
<testsuite skipped="0" hostname="DESKTOP-P4V00TR" name="restAssured.restAssured.Test01_GET" tests="4" failures="0" timestamp="06 Mar 2023 22:29:04 GMT" time="9.261" errors="0">
  <testcase name="test_03" time="2.089" classname="restAssured.restAssured.Test01_GET"/>
  <testcase name="test_01" time="6.413" classname="restAssured.restAssured.Test01_GET"/>
  <testcase name="test_04" time="0.337" classname="restAssured.restAssured.Test01_GET"/>
  <testcase name="test_02" time="0.422" classname="restAssured.restAssured.Test01_GET"/>
</testsuite> <!-- restAssured.restAssured.Test01_GET -->
