<?xml version="1.0" encoding="UTF-8"?>
<!-- Generated by org.testng.reporters.JUnitReportReporter -->
<testsuite skipped="0" hostname="DESKTOP-P4V00TR" name="restAssured.restAssured.DiffDataProviderClass" tests="1" failures="0" timestamp="06 Jan 2021 11:30:53 GMT" time="0.022" errors="0">
  <testcase name="randomNumber" time="0.022" classname="restAssured.restAssured.DiffDataProviderClass"/>
</testsuite> <!-- restAssured.restAssured.DiffDataProviderClass -->
