<?xml version="1.0" encoding="UTF-8"?>
<!-- Generated by org.testng.reporters.JUnitReportReporter -->
<testsuite skipped="0" hostname="DESKTOP-P4V00TR" name="restAssured.restAssured.Test01_Example" tests="2" failures="0" timestamp="06 Jan 2021 10:25:34 GMT" time="0.041" errors="0">
  <testcase name="testMethod" time="0.001" classname="restAssured.restAssured.Test01_Example"/>
  <testcase name="testMethod" time="0.040" classname="restAssured.restAssured.Test01_Example"/>
</testsuite> <!-- restAssured.restAssured.Test01_Example -->
