<?xml version="1.0" encoding="UTF-8"?>
<!-- Generated by org.testng.reporters.JUnitReportReporter -->
<testsuite skipped="0" hostname="DESKTOP-P4V00TR" name="restAssured.restAssured.Test01_POST" tests="1" failures="0" timestamp="06 Mar 2023 22:29:04 GMT" time="0.285" errors="0">
  <testcase name="test_delete1" time="0.285" classname="restAssured.restAssured.Test01_POST"/>
</testsuite> <!-- restAssured.restAssured.Test01_POST -->
