<?xml version="1.0" encoding="UTF-8"?>
<!-- Generated by org.testng.reporters.JUnitReportReporter -->
<testsuite skipped="0" hostname="DESKTOP-P4V00TR" name="restAssured.restAssured.Tests_POST" tests="1" failures="0" timestamp="06 Mar 2023 22:29:04 GMT" time="0.005" errors="0">
  <testcase name="test_1_post" time="0.005" classname="restAssured.restAssured.Tests_POST"/>
</testsuite> <!-- restAssured.restAssured.Tests_POST -->
